<?xml version="1.0" encoding="UTF-8"?>
<!-- Generated by org.testng.reporters.JUnitReportReporter -->
<testsuite skipped="0" hostname="DESKTOP-6T2F3RA" name="com.automation.testcases.ui.TestCaseClass" tests="1" failures="0" timestamp="2021-11-27T13:34:43 IST" time="6.362" errors="0">
  <testcase name="returnTicket" time="6.362" classname="com.automation.testcases.ui.TestCaseClass"/>
  <system-out/>
</testsuite> <!-- com.automation.testcases.ui.TestCaseClass -->
