<?xml version="1.0" encoding="UTF-8"?>
<!-- Generated by org.testng.reporters.JUnitReportReporter -->
<testsuite skipped="0" hostname="DESKTOP-6T2F3RA" name="com.automation.testcases.ui.TestCase2" tests="1" failures="0" timestamp="2021-11-27T17:05:21 IST" time="6.476" errors="0">
  <testcase name="Testcase_Google3" time="6.476" classname="com.automation.testcases.ui.TestCase2"/>
  <system-out/>
</testsuite> <!-- com.automation.testcases.ui.TestCase2 -->
