<?xml version="1.0" encoding="UTF-8"?>
<!-- Generated by org.testng.reporters.JUnitReportReporter -->
<testsuite skipped="0" hostname="DESKTOP-6T2F3RA" name="com.automation.testcases.ui.TestCase1" tests="1" failures="0" timestamp="2021-11-27T18:06:52 IST" time="8.627" errors="0">
  <testcase name="Testcase_Google" time="8.627" classname="com.automation.testcases.ui.TestCase1"/>
  <system-out/>
</testsuite> <!-- com.automation.testcases.ui.TestCase1 -->
