<?xml version="1.0" encoding="UTF-8"?>
<!-- Generated by org.testng.reporters.JUnitReportReporter -->
<testsuite hostname="IN3071614W1" failures="0" tests="1" name="com.automation.testcases.ui.TestCase1" time="11.840" errors="0" timestamp="2021-11-30T11:48:49 IST" skipped="0">
  <testcase classname="com.automation.testcases.ui.TestCase1" name="Testcase_Google" time="11.840"/>
  <system-out/>
</testsuite> <!-- com.automation.testcases.ui.TestCase1 -->
