<?xml version="1.0" encoding="UTF-8"?>
<!-- Generated by org.testng.reporters.JUnitReportReporter -->
<testsuite skipped="0" hostname="DESKTOP-6T2F3RA" name="com.automation.webservices.test.GetData" tests="1" failures="0" timestamp="2021-11-28T18:32:21 IST" time="1.516" errors="0">
  <testcase name="testResponseCode" time="1.516" classname="com.automation.webservices.test.GetData"/>
  <system-out/>
</testsuite> <!-- com.automation.webservices.test.GetData -->
